<?xml version="1.0" encoding="UTF-8"?>
<!-- Generated by org.testng.reporters.JUnitReportReporter -->
<testsuite hostname="LAPTOP-39MI1GU7" failures="0" tests="1" name="test.TestNG" time="0.020" errors="0" timestamp="2021-09-05T19:03:48 IST" skipped="0">
  <testcase classname="test.TestNG" name="testngexamplee" time="0.020"/>
  <system-out/>
</testsuite> <!-- test.TestNG -->
